info it worked if it ends with ok
info using fhc@0.9.3-313
info using node@v0.10.15
silly /usr/local/bin/node node symlink
silly config file /Users/Cookie_Monster/.fhcrc
silly config file /usr/local/etc/fhcrc
verbose feedhenry url https://hpcs.feedhenry.com
silly POST box/srv/1.1/app/envvariable/list
silly url, unparsed https://hpcs.feedhenry.com/
verbose resolveUrl - IN box/srv/1.1/app/envvariable/list
verbose resolveUrl - OUT https://hpcs.feedhenry.com/box/srv/1.1/app/envvariable/list
verbose calling url https://hpcs.feedhenry.com/box/srv/1.1/app/envvariable/list payload: { appId: '_Wtzj8SMp5A6lURVeMzFefce', env: 'dev' }
silly port 443
silly cookie feedhenry=WDDlHNiIy46V2PoIWMPf54mc;
silly nocache false
silly explain level 0
verbose getHeaders { accept: 'application/json',
verbose getHeaders   cookie: 'feedhenry=WDDlHNiIy46V2PoIWMPf54mc;',
verbose getHeaders   'User-Agent': 'FHC/0.9.3-313 darwin/12.4.0',
verbose getHeaders   'content-type': 'application/json',
verbose getHeaders   'content-length': 48 }
verbose what... { appId: '_Wtzj8SMp5A6lURVeMzFefce', env: 'dev' }
silly writing json { appId: '_Wtzj8SMp5A6lURVeMzFefce', env: 'dev' }
silly headers { accept: 'application/json',
silly headers   cookie: 'feedhenry=WDDlHNiIy46V2PoIWMPf54mc;',
silly headers   'User-Agent': 'FHC/0.9.3-313 darwin/12.4.0',
silly headers   'content-type': 'application/json',
silly headers   'content-length': 48 }
silly getProxy null
silly response headers { date: 'Fri, 02 Aug 2013 19:41:27 GMT',
silly response headers   p3p: 'CP="ALL ADM DEV PSAi COM OUR OTRo STP IND ONL" policyref="/box/p3p.xml"',
silly response headers   etag: '"Z1xEugn74r9i3POtdGUQUF"',
silly response headers   'content-type': 'application/json;charset=UTF-8',
silly response headers   'content-length': '35',
silly response headers   vary: 'Accept-Encoding',
silly response headers   'keep-alive': 'timeout=15, max=100',
silly response headers   connection: 'Keep-Alive' }
silly packages Packages list: ["default"]
ERR! Error: running local requires application.js and package.json in your cloud code
ERR!     at /usr/local/lib/node_modules/fh-fhc/lib/local.js:327:27
ERR!     at /usr/local/lib/node_modules/fh-fhc/node_modules/async/lib/async.js:542:21
ERR!     at /usr/local/lib/node_modules/fh-fhc/node_modules/async/lib/async.js:222:13
ERR!     at iterate (/usr/local/lib/node_modules/fh-fhc/node_modules/async/lib/async.js:123:13)
ERR!     at /usr/local/lib/node_modules/fh-fhc/node_modules/async/lib/async.js:138:29
ERR!     at /usr/local/lib/node_modules/fh-fhc/node_modules/async/lib/async.js:224:17
ERR!     at /usr/local/lib/node_modules/fh-fhc/node_modules/async/lib/async.js:547:34
ERR!     at /usr/local/lib/node_modules/fh-fhc/lib/local.js:303:16
ERR!     at /usr/local/lib/node_modules/fh-fhc/lib/initlocal.js:212:16
ERR!     at /usr/local/lib/node_modules/fh-fhc/lib/initlocal.js:190:22
ERR! 
ERR! System Darwin 12.4.0
ERR! command "node" "/usr/local/bin/fhc" "local"
verbose exit [ 1, true ]
